#
# There is insufficient memory for the Java Runtime Environment to continue.
# Native memory allocation (mmap) failed to map 134217728 bytes for G1 virtual space
# Possible reasons:
#   The system is out of physical RAM or swap space
#   The process is running with CompressedOops enabled, and the Java Heap may be blocking the growth of the native heap
# Possible solutions:
#   Reduce memory load on the system
#   Increase physical memory or swap space
#   Check if swap backing store is full
#   Decrease Java heap size (-Xmx/-Xms)
#   Decrease number of Java threads
#   Decrease Java thread stack sizes (-Xss)
#   Set larger code cache with -XX:ReservedCodeCacheSize=
#   JVM is running with Unscaled Compressed Oops mode in which the Java heap is
#     placed in the first 4GB address space. The Java Heap base address is the
#     maximum limit for the native heap growth. Please use -XX:HeapBaseMinAddress
#     to set the Java Heap base and to place the Java Heap above 4GB virtual address.
# This output file may be truncated or incomplete.
#
#  Out of Memory Error (os_windows.cpp:3528), pid=6124, tid=9968
#
# JRE version:  (20.0.2+9) (build )
# Java VM: Java HotSpot(TM) 64-Bit Server VM (20.0.2+9-78, mixed mode, sharing, tiered, compressed oops, compressed class ptrs, g1 gc, windows-amd64)
# No core dump will be written. Minidumps are not enabled by default on client versions of Windows
#

---------------  S U M M A R Y ------------

Command Line: -javaagent:C:\Users\Israel\Downloads\ideaIU-2023.2.win\lib\idea_rt.jar=53184:C:\Users\Israel\Downloads\ideaIU-2023.2.win\bin -Dfile.encoding=UTF-8 -Dsun.stdout.encoding=UTF-8 -Dsun.stderr.encoding=UTF-8 WeekEndSnacks.Cypher_Ceaser

Host: Intel(R) Core(TM) i5-6300U CPU @ 2.40GHz, 4 cores, 7G,  Windows 10 , 64 bit Build 19041 (10.0.19041.3570)
Time: Mon Oct 23 12:51:35 2023 W. Central Africa Standard Time elapsed time: 0.028261 seconds (0d 0h 0m 0s)

---------------  T H R E A D  ---------------

Current thread (0x000001cdfcb6b610):  JavaThread "Unknown thread" [_thread_in_vm, id=9968, stack(0x0000000dc8e00000,0x0000000dc8f00000)]

Stack: [0x0000000dc8e00000,0x0000000dc8f00000]
Native frames: (J=compiled Java code, j=interpreted, Vv=VM code, C=native code)
V  [jvm.dll+0x6bc25a]
V  [jvm.dll+0x84971a]
V  [jvm.dll+0x84b315]
V  [jvm.dll+0x84ba13]
V  [jvm.dll+0x280e4f]
V  [jvm.dll+0x6b8fe9]
V  [jvm.dll+0x6adbca]
V  [jvm.dll+0x35b165]
V  [jvm.dll+0x363386]
V  [jvm.dll+0x3b400e]
V  [jvm.dll+0x3b4295]
V  [jvm.dll+0x32b86a]
V  [jvm.dll+0x32c68b]
V  [jvm.dll+0x8123df]
V  [jvm.dll+0x3c1261]
V  [jvm.dll+0x7fe103]
V  [jvm.dll+0x44ccaf]
V  [jvm.dll+0x44e621]
C  [jli.dll+0x5287]
C  [ucrtbase.dll+0x21bb2]
C  [KERNEL32.DLL+0x17344]
C  [ntdll.dll+0x526b1]


---------------  P R O C E S S  ---------------

Threads class SMR info:
_java_thread_list=0x00007ffe1d1fb118, length=0, elements={
}

Java Threads: ( => current thread )

Other Threads:
  0x000001cdfcbc96b0 WorkerThread "GC Thread#0" [stack: 0x0000000dc8f00000,0x0000000dc9000000] [id=7900]
  0x000001cdfcbdb1a0 ConcurrentGCThread "G1 Main Marker" [stack: 0x0000000dc9000000,0x0000000dc9100000] [id=15172]
  0x000001cdfcbdc420 WorkerThread "G1 Conc#0" [stack: 0x0000000dc9100000,0x0000000dc9200000] [id=9448]

[error occurred during error reporting (printing all threads), id 0xc0000005, EXCEPTION_ACCESS_VIOLATION (0xc0000005) at pc=0x00007ffe1c9deea7]
VM state: not at safepoint (not fully initialized)

VM Mutex/Monitor currently owned by a thread:  ([mutex/lock_event])
[0x000001cdfcb65ae0] Heap_lock - owner thread: 0x000001cdfcb6b610

Heap address: 0x0000000081a00000, size: 2022 MB, Compressed Oops mode: 32-bit

CDS archive(s) mapped at: [0x0000000000000000-0x0000000000000000-0x0000000000000000), size 0, SharedBaseAddress: 0x0000000800000000, ArchiveRelocationMode: 1.
Narrow klass base: 0x0000000000000000, Narrow klass shift: 0, Narrow klass range: 0x0

GC Precious Log:
 CardTable entry size: 512
 Card Set container configuration: InlinePtr #cards 5 size 8 Array Of Cards #cards 12 size 40 Howl #buckets 4 coarsen threshold 1843 Howl Bitmap #cards 512 size 80 coarsen threshold 460 Card regions per heap region 1 cards per card region 2048

Heap:
 garbage-first heap   total 0K, used 0K [0x0000000081a00000, 0x0000000100000000)
  region size 1024K, 0 young (0K), 0 survivors (0K)

[error occurred during error reporting (printing heap information), id 0xc0000005, EXCEPTION_ACCESS_VIOLATION (0xc0000005) at pc=0x00007ffe1cdb47b9]
GC Heap History (0 events):
No events

Dll operation events (1 events):
Event: 0.019 Loaded shared library C:\Program Files\Java\jdk-20\bin\java.dll

Deoptimization events (0 events):
No events

Classes loaded (0 events):
No events

Classes unloaded (0 events):
No events

Classes redefined (0 events):
No events

Internal exceptions (0 events):
No events

VM Operations (0 events):
No events

Events (0 events):
No events


Dynamic libraries:
0x00007ff6f17a0000 - 0x00007ff6f17b0000 	C:\Program Files\Java\jdk-20\bin\java.exe
0x00007ffe65650000 - 0x00007ffe65847000 	C:\Windows\SYSTEM32\ntdll.dll
0x00007ffe65450000 - 0x00007ffe6550d000 	C:\Windows\System32\KERNEL32.DLL
0x00007ffe62da0000 - 0x00007ffe63096000 	C:\Windows\System32\KERNELBASE.dll
0x00007ffe63140000 - 0x00007ffe63240000 	C:\Windows\System32\ucrtbase.dll
0x00007ffe5ae80000 - 0x00007ffe5ae99000 	C:\Program Files\Java\jdk-20\bin\jli.dll
0x00007ffe64730000 - 0x00007ffe647de000 	C:\Windows\System32\ADVAPI32.dll
0x00007ffe636b0000 - 0x00007ffe6374e000 	C:\Windows\System32\msvcrt.dll
0x00007ffe65510000 - 0x00007ffe655ac000 	C:\Windows\System32\sechost.dll
0x00007ffe65240000 - 0x00007ffe65366000 	C:\Windows\System32\RPCRT4.dll
0x00007ffe63b90000 - 0x00007ffe63d2e000 	C:\Windows\System32\USER32.dll
0x00007ffe63550000 - 0x00007ffe63572000 	C:\Windows\System32\win32u.dll
0x00007ffe65210000 - 0x00007ffe6523c000 	C:\Windows\System32\GDI32.dll
0x00007ffe63240000 - 0x00007ffe6335a000 	C:\Windows\System32\gdi32full.dll
0x00007ffe630a0000 - 0x00007ffe6313d000 	C:\Windows\System32\msvcp_win.dll
0x00007ffe5afd0000 - 0x00007ffe5afeb000 	C:\Program Files\Java\jdk-20\bin\VCRUNTIME140.dll
0x00007ffe46940000 - 0x00007ffe46bda000 	C:\Windows\WinSxS\amd64_microsoft.windows.common-controls_6595b64144ccf1df_6.0.19041.3570_none_60bb2a3971f3e41a\COMCTL32.dll
0x00007ffe58e30000 - 0x00007ffe58e3a000 	C:\Windows\SYSTEM32\VERSION.dll
0x00007ffe63ab0000 - 0x00007ffe63ae0000 	C:\Windows\System32\IMM32.DLL
0x00007ffe5d390000 - 0x00007ffe5d39c000 	C:\Program Files\Java\jdk-20\bin\vcruntime140_1.dll
0x00007ffe40fd0000 - 0x00007ffe4105e000 	C:\Program Files\Java\jdk-20\bin\msvcp140.dll
0x00007ffe1c6a0000 - 0x00007ffe1d338000 	C:\Program Files\Java\jdk-20\bin\server\jvm.dll
0x00007ffe47a30000 - 0x00007ffe47a39000 	C:\Windows\SYSTEM32\WSOCK32.dll
0x00007ffe65140000 - 0x00007ffe651ab000 	C:\Windows\System32\WS2_32.dll
0x00007ffe48c30000 - 0x00007ffe48c57000 	C:\Windows\SYSTEM32\WINMM.dll
0x00007ffe60bd0000 - 0x00007ffe60be2000 	C:\Windows\SYSTEM32\kernel.appcore.dll
0x00007ffe5c330000 - 0x00007ffe5c33a000 	C:\Program Files\Java\jdk-20\bin\jimage.dll
0x00007ffe5c790000 - 0x00007ffe5c974000 	C:\Windows\SYSTEM32\DBGHELP.DLL
0x00007ffe4f9c0000 - 0x00007ffe4f9f4000 	C:\Windows\SYSTEM32\dbgcore.DLL
0x00007ffe634c0000 - 0x00007ffe63542000 	C:\Windows\System32\bcryptPrimitives.dll
0x00007ffe5e720000 - 0x00007ffe5e72e000 	C:\Program Files\Java\jdk-20\bin\instrument.dll
0x00007ffe50970000 - 0x00007ffe50996000 	C:\Program Files\Java\jdk-20\bin\java.dll

dbghelp: loaded successfully - version: 4.0.5 - missing functions: none
symbol engine: initialized successfully - sym options: 0x614 - pdb path: .;C:\Program Files\Java\jdk-20\bin;C:\Windows\SYSTEM32;C:\Windows\WinSxS\amd64_microsoft.windows.common-controls_6595b64144ccf1df_6.0.19041.3570_none_60bb2a3971f3e41a;C:\Program Files\Java\jdk-20\bin\server

VM Arguments:
jvm_args: -javaagent:C:\Users\Israel\Downloads\ideaIU-2023.2.win\lib\idea_rt.jar=53184:C:\Users\Israel\Downloads\ideaIU-2023.2.win\bin -Dfile.encoding=UTF-8 -Dsun.stdout.encoding=UTF-8 -Dsun.stderr.encoding=UTF-8 
java_command: WeekEndSnacks.Cypher_Ceaser
java_class_path (initial): C:\Users\Israel\IdeaProjects\JavaProject\out\production\JavaProject;C:\Users\Israel\IdeaProjects\JavaProject\lib\junit-jupiter-5.8.1.jar;C:\Users\Israel\IdeaProjects\JavaProject\lib\junit-jupiter-api-5.8.1.jar;C:\Users\Israel\IdeaProjects\JavaProject\lib\opentest4j-1.2.0.jar;C:\Users\Israel\IdeaProjects\JavaProject\lib\junit-platform-commons-1.8.1.jar;C:\Users\Israel\IdeaProjects\JavaProject\lib\apiguardian-api-1.1.2.jar;C:\Users\Israel\IdeaProjects\JavaProject\lib\junit-jupiter-params-5.8.1.jar;C:\Users\Israel\IdeaProjects\JavaProject\lib\junit-jupiter-engine-5.8.1.jar;C:\Users\Israel\IdeaProjects\JavaProject\lib\junit-platform-engine-1.8.1.jar
Launcher Type: SUN_STANDARD

[Global flags]
     intx CICompilerCount                          = 3                                         {product} {ergonomic}
     uint ConcGCThreads                            = 1                                         {product} {ergonomic}
     uint G1ConcRefinementThreads                  = 4                                         {product} {ergonomic}
   size_t G1HeapRegionSize                         = 1048576                                   {product} {ergonomic}
    uintx GCDrainStackTargetSize                   = 64                                        {product} {ergonomic}
   size_t InitialHeapSize                          = 134217728                                 {product} {ergonomic}
   size_t MarkStackSize                            = 4194304                                   {product} {ergonomic}
   size_t MaxHeapSize                              = 2120220672                                {product} {ergonomic}
   size_t MinHeapDeltaBytes                        = 1048576                                   {product} {ergonomic}
   size_t MinHeapSize                              = 8388608                                   {product} {ergonomic}
    uintx NonNMethodCodeHeapSize                   = 5832780                                {pd product} {ergonomic}
    uintx NonProfiledCodeHeapSize                  = 122912730                              {pd product} {ergonomic}
    uintx ProfiledCodeHeapSize                     = 122912730                              {pd product} {ergonomic}
    uintx ReservedCodeCacheSize                    = 251658240                              {pd product} {ergonomic}
     bool SegmentedCodeCache                       = true                                      {product} {ergonomic}
   size_t SoftMaxHeapSize                          = 2120220672                             {manageable} {ergonomic}
     bool UseCompressedClassPointers               = true                           {product lp64_product} {ergonomic}
     bool UseCompressedOops                        = true                           {product lp64_product} {ergonomic}
     bool UseG1GC                                  = true                                      {product} {ergonomic}
     bool UseLargePagesIndividualAllocation        = false                                  {pd product} {ergonomic}

Logging:
Log output configuration:
 #0: stdout all=warning uptime,level,tags foldmultilines=false
 #1: stderr all=off uptime,level,tags foldmultilines=false

Environment Variables:
PATH=C:\Program Files\Common Files\Oracle\Java\javapath;C:\Windows\system32;C:\Windows;C:\Windows\System32\Wbem;C:\Windows\System32\WindowsPowerShell\v1.0\;C:\Windows\System32\OpenSSH\;C:\Program Files\Git\cmd;C:\Program Files (x86)\Incredibuild;C:\Program Files\dotnet\;C:\Users\Israel\AppData\Local\Programs\Python\Python311\Scripts\;C:\Users\Israel\AppData\Local\Programs\Python\Python311\;C:\Users\Israel\AppData\Local\Microsoft\WindowsApps;C:\Users\Israel\.dotnet\tools
USERNAME=Israel
OS=Windows_NT
PROCESSOR_IDENTIFIER=Intel64 Family 6 Model 78 Stepping 3, GenuineIntel
TMP=C:\Users\Israel\AppData\Local\Temp
TEMP=C:\Users\Israel\AppData\Local\Temp




---------------  S Y S T E M  ---------------

OS:
 Windows 10 , 64 bit Build 19041 (10.0.19041.3570)
OS uptime: 0 days 3:53 hours

CPU: total 4 (initial active 4) (2 cores per cpu, 2 threads per core) family 6 model 78 stepping 3 microcode 0xcc, cx8, cmov, fxsr, ht, mmx, 3dnowpref, sse, sse2, sse3, ssse3, sse4.1, sse4.2, popcnt, lzcnt, tsc, tscinvbit, avx, avx2, aes, erms, clmul, bmi1, bmi2, rtm, adx, fma, vzeroupper, clflush, clflushopt, rdtscp, f16c

Memory: 4k page, system-wide physical 8083M (425M free)
TotalPageFile size 11035M (AvailPageFile size 115M)
current process WorkingSet (physical memory assigned to process): 10M, peak: 10M
current process commit charge ("private bytes"): 51M, peak: 179M

vm_info: Java HotSpot(TM) 64-Bit Server VM (20.0.2+9-78) for windows-amd64 JRE (20.0.2+9-78), built on 2023-06-14T10:08:48Z by "mach5one" with MS VC++ 17.1 (VS2022)

END.
